<?xml version="1.0" encoding="UTF-8"?>
<testsuite xmlns:xsi="http://www.w3.org/2001/XMLSchema-instance" xsi:noNamespaceSchemaLocation="https://maven.apache.org/surefire/maven-surefire-plugin/xsd/surefire-test-report.xsd" name="com.bubudeai.MysiteBlogApplicationTests" time="13.669" tests="7" errors="0" skipped="0" failures="0">
  <properties>
[...]
</properties>
  <testcase name="contextLoads1" classname="com.bubudeai.MysiteBlogApplicationTests" time="6.315"/>
  <testcase name="contextLoads2" classname="com.bubudeai.MysiteBlogApplicationTests" time="0.004"/>
  <testcase name="contextLoad3" classname="com.bubudeai.MysiteBlogApplicationTests" time="0.082"/>
  <testcase name="contextLoad4" classname="com.bubudeai.MysiteBlogApplicationTests" time="0.286"/>
  <testcase name="contextLoad5" classname="com.bubudeai.MysiteBlogApplicationTests" time="0.147"/>
  <testcase name="contextLoad6" classname="com.bubudeai.MysiteBlogApplicationTests" time="0.048"/>
  <testcase name="contextLoads" classname="com.bubudeai.MysiteBlogApplicationTests" time="1.867"/>
</testsuite>